<?xml version="1.0" encoding="UTF-8"?>
<robot generator="Robot 7.3.2 (Python 3.14.1 on darwin)" generated="2025-12-12T00:27:36.954047" rpa="false" schemaversion="5">
<suite id="s1" name="Ass5-2" source="/Users/kimconu/Documents/robot-fw/tests/ass5-2.robot">
<test id="s1-t1" name="Open Example Website" line="11">
<kw name="Open Browser" owner="SeleniumLibrary">
<msg time="2025-12-12T00:27:37.055526" level="INFO">Opening browser 'chrome' to base url 'http://live.techpanda.org/index.php/mobile.html'.</msg>
<arg>${URL}</arg>
<arg>chrome</arg>
<doc>Opens a new browser instance to the optional ``url``.</doc>
<status status="PASS" start="2025-12-12T00:27:37.055393" elapsed="4.095719"/>
</kw>
<kw name="Wait Until Element Is Visible" owner="SeleniumLibrary">
<arg>xpath=//img[@alt="Magento Commerce"]</arg>
<arg>10s</arg>
<doc>Waits until the element ``locator`` is visible.</doc>
<status status="PASS" start="2025-12-12T00:27:41.153753" elapsed="0.018423"/>
</kw>
<kw name="Select From List By Label" owner="SeleniumLibrary">
<msg time="2025-12-12T00:27:41.172526" level="INFO">Selecting options from selection list 'xpath=//select[@title='Sort By']' by label Price.</msg>
<arg>xpath=//select[@title='Sort By']</arg>
<arg>Price</arg>
<doc>Selects options from selection list ``locator`` by ``labels``.</doc>
<status status="PASS" start="2025-12-12T00:27:41.172361" elapsed="0.510654"/>
</kw>
<kw name="Get WebElements" owner="SeleniumLibrary">
<msg time="2025-12-12T00:27:41.690439" level="INFO">${elements} = [&lt;selenium.webdriver.remote.webelement.WebElement (session="bd924d4d423e3be07901646403ca683e", element="f.761AC728D027BE4BCA3CB09D3E03F3C2.d.EFBD08785CF224E498E831D212B576D1.e.53")&gt;, &lt;selenium.webdriv...</msg>
<var>${elements}</var>
<arg>xpath=//span[@class='price']</arg>
<doc>Returns a list of WebElement objects matching the ``locator``.</doc>
<status status="PASS" start="2025-12-12T00:27:41.683217" elapsed="0.007264"/>
</kw>
<kw name="Price.Convert Prices To List">
<msg time="2025-12-12T00:27:41.692235" level="FAIL">No keyword with name 'Price.Convert Prices To List' found.</msg>
<var>${prices}</var>
<arg>${elements}</arg>
<status status="FAIL" start="2025-12-12T00:27:41.692198" elapsed="0.000077">No keyword with name 'Price.Convert Prices To List' found.</status>
</kw>
<kw name="Price.Verify Sorted Ascending">
<arg>${prices}</arg>
<status status="NOT RUN" start="2025-12-12T00:27:41.692396" elapsed="0.000016"/>
</kw>
<kw name="Sleep" owner="BuiltIn">
<arg>5</arg>
<doc>Pauses the test executed for the given time.</doc>
<status status="NOT RUN" start="2025-12-12T00:27:41.692487" elapsed="0.000017"/>
</kw>
<status status="FAIL" start="2025-12-12T00:27:37.054859" elapsed="4.637771">No keyword with name 'Price.Convert Prices To List' found.</status>
</test>
<status status="FAIL" start="2025-12-12T00:27:36.955015" elapsed="4.737893"/>
</suite>
<statistics>
<total>
<stat pass="0" fail="1" skip="0">All Tests</stat>
</total>
<tag>
</tag>
<suite>
<stat name="Ass5-2" id="s1" pass="0" fail="1" skip="0">Ass5-2</stat>
</suite>
</statistics>
<errors>
<msg time="2025-12-12T00:27:37.054542" level="WARN">Imported library '/Users/kimconu/Documents/robot-fw/resources/price_keywords.py' contains no keywords.</msg>
</errors>
</robot>
